Arguments: 
  C:\Program Files\nodejs\node.exe C:\Users\hifza\AppData\Roaming\npm\node_modules\yarn\bin\yarn.js add @fontawesome/fontawesome-free

PATH: 
  C:\Program Files\Common Files\Oracle\Java\javapath;C:\Program Files\Microsoft\jdk-11.0.12.7-hotspot\bin;C:\Program Files (x86)\VMware\VMware Workstation\bin\;C:\Users\hifza\AppData\Local\Programs\Python\Python39;C:\Program Files\Microsoft SQL Server\Client SDK\ODBC\170\Tools\Binn\;C:\Program Files (x86)\Microsoft SQL Server\150\Tools\Binn\;C:\Program Files\Microsoft SQL Server\150\Tools\Binn\;C:\Program Files\Microsoft SQL Server\150\DTS\Binn\;C:\Program Files (x86)\Microsoft SQL Server\150\DTS\Binn\;C:\Program Files\Azure Data Studio\bin;C:\Users\hifza\Documents\OpenVPN\bin;C:\Program Files\Microsoft SQL Server\130\Tools\Binn\;C:\WINDOWS\system32;C:\WINDOWS;C:\WINDOWS\System32\Wbem;C:\WINDOWS\System32\WindowsPowerShell\v1.0\;C:\WINDOWS\System32\OpenSSH\;C:\Program Files\dotnet\;C:\xampp\php;C:\xampp\mysql\bin;C:\Users\hifza\Downloads\php-8.1.4-Win32-vs16-x64\ext\php;C:\Program Files\nodejs\;C:\Program Files\Git\cmd;C:\Users\hifza\AppData\Local\Programs\Python\Python39\Scripts\;C:\Users\hifza\AppData\Local\Programs\Python\Python39\;C:\Users\hifza\AppData\Local\Microsoft\WindowsApps;C:\ProgramData\hifza\atom\bin;C:\Users\hifza\AppData\Local\atom\bin;C:\Users\hifza\AppData\Local\Programs\Microsoft VS Code\bin;C:\Program Files\Azure Data Studio\bin;C:\Program Files\CodeBlocks\MinGW\bin;C:\Users\hifza\AppData\Local\Microsoft\WindowsApps;C:\Users\hifza\.dotnet\tools;C:\Program Files\CodeBlocks\MinGW\bin;C:\Users\hifza\AppData\Roaming\npm

Yarn version: 
  1.22.19

Node version: 
  18.13.0

Platform: 
  win32 x64

Trace: 
  Error: https://registry.yarnpkg.com/@fontawesome%2ffontawesome-free: Not found
      at params.callback [as _callback] (C:\Users\hifza\AppData\Roaming\npm\node_modules\yarn\lib\cli.js:66145:18)
      at self.callback (C:\Users\hifza\AppData\Roaming\npm\node_modules\yarn\lib\cli.js:140890:22)
      at Request.emit (node:events:513:28)
      at Request.<anonymous> (C:\Users\hifza\AppData\Roaming\npm\node_modules\yarn\lib\cli.js:141862:10)
      at Request.emit (node:events:513:28)
      at IncomingMessage.<anonymous> (C:\Users\hifza\AppData\Roaming\npm\node_modules\yarn\lib\cli.js:141784:12)
      at Object.onceWrapper (node:events:627:28)
      at IncomingMessage.emit (node:events:525:35)
      at endReadableNT (node:internal/streams/readable:1359:12)
      at process.processTicksAndRejections (node:internal/process/task_queues:82:21)

npm manifest: 
  {
    "name": "ICE1",
    "version": "1.0.0",
    "main": "index.js",
    "license": "MIT",
    "dependencies": {
      "@popperjs/core": "^2.11.6",
      "bootstrap": "^5.2.3",
      "jquery": "^3.6.3"
    }
  }

yarn manifest: 
  No manifest

Lockfile: 
  # THIS IS AN AUTOGENERATED FILE. DO NOT EDIT THIS FILE DIRECTLY.
  # yarn lockfile v1
  
  
  "@popperjs/core@^2.11.6":
    version "2.11.6"
    resolved "https://registry.yarnpkg.com/@popperjs/core/-/core-2.11.6.tgz#cee20bd55e68a1720bdab363ecf0c821ded4cd45"
    integrity sha512-50/17A98tWUfQ176raKiOGXuYpLyyVMkxxG6oylzL3BPOlA6ADGdK7EYunSa4I064xerltq9TGXs8HmOk5E+vw==
  
  bootstrap@^5.2.3:
    version "5.2.3"
    resolved "https://registry.yarnpkg.com/bootstrap/-/bootstrap-5.2.3.tgz#54739f4414de121b9785c5da3c87b37ff008322b"
    integrity sha512-cEKPM+fwb3cT8NzQZYEu4HilJ3anCrWqh3CHAok1p9jXqMPsPTBhU25fBckEJHJ/p+tTxTFTsFQGM+gaHpi3QQ==
  
  jquery@^3.6.3:
    version "3.6.3"
    resolved "https://registry.yarnpkg.com/jquery/-/jquery-3.6.3.tgz#23ed2ffed8a19e048814f13391a19afcdba160e6"
    integrity sha512-bZ5Sy3YzKo9Fyc8wH2iIQK4JImJ6R0GWI9kL1/k7Z91ZBNgkRXE6U0JfHIizZbort8ZunhSI3jw9I6253ahKfg==
